{"E:\\code\\Relevel\\Module_2\\2_Augast\\03\\ecommerse\\app.js": {"path":"E:\\code\\Relevel\\Module_2\\2_Augast\\03\\ecommerse\\app.js","statementMap":{"0":{"start":{"line":1,"column":16},"end":{"line":1,"column":34}},"1":{"start":{"line":3,"column":0},"end":{"line":3,"column":27}},"2":{"start":{"line":4,"column":40},"end":{"line":4,"column":59}},"3":{"start":{"line":8,"column":12},"end":{"line":8,"column":21}},"4":{"start":{"line":9,"column":0},"end":{"line":9,"column":23}},"5":{"start":{"line":10,"column":0},"end":{"line":10,"column":20}},"6":{"start":{"line":11,"column":0},"end":{"line":11,"column":16}},"7":{"start":{"line":12,"column":0},"end":{"line":12,"column":19}},"8":{"start":{"line":14,"column":0},"end":{"line":16,"column":1}}},"fnMap":{},"branchMap":{},"s":{"0":1,"1":1,"2":1,"3":1,"4":1,"5":1,"6":1,"7":1,"8":1},"f":{},"b":{},"_coverageSchema":"1a1c01bbd47fc00a2c39e90264f33305004495a9","hash":"0129899a12e8f11fae0cbcbef31f8673dfe4ab0d"}
,"E:\\code\\Relevel\\Module_2\\2_Augast\\03\\ecommerse\\controller\\auth.js": {"path":"E:\\code\\Relevel\\Module_2\\2_Augast\\03\\ecommerse\\controller\\auth.js","statementMap":{"0":{"start":{"line":1,"column":15},"end":{"line":1,"column":32}},"1":{"start":{"line":2,"column":12},"end":{"line":2,"column":35}},"2":{"start":{"line":3,"column":20},"end":{"line":3,"column":40}},"3":{"start":{"line":7,"column":21},"end":{"line":7,"column":38}},"4":{"start":{"line":8,"column":18},"end":{"line":8,"column":32}},"5":{"start":{"line":9,"column":21},"end":{"line":9,"column":59}},"6":{"start":{"line":11,"column":4},"end":{"line":14,"column":5}},"7":{"start":{"line":12,"column":8},"end":{"line":12,"column":58}},"8":{"start":{"line":13,"column":8},"end":{"line":13,"column":15}},"9":{"start":{"line":15,"column":4},"end":{"line":18,"column":5}},"10":{"start":{"line":16,"column":8},"end":{"line":16,"column":54}},"11":{"start":{"line":17,"column":8},"end":{"line":17,"column":15}},"12":{"start":{"line":19,"column":4},"end":{"line":22,"column":5}},"13":{"start":{"line":20,"column":8},"end":{"line":20,"column":57}},"14":{"start":{"line":21,"column":8},"end":{"line":21,"column":15}},"15":{"start":{"line":25,"column":4},"end":{"line":49,"column":5}},"16":{"start":{"line":27,"column":21},"end":{"line":31,"column":10}},"17":{"start":{"line":32,"column":8},"end":{"line":32,"column":39}},"18":{"start":{"line":33,"column":8},"end":{"line":43,"column":9}},"19":{"start":{"line":34,"column":25},"end":{"line":34,"column":38}},"20":{"start":{"line":35,"column":27},"end":{"line":35,"column":52}},"21":{"start":{"line":36,"column":12},"end":{"line":36,"column":54}},"22":{"start":{"line":37,"column":12},"end":{"line":37,"column":53}},"23":{"start":{"line":40,"column":27},"end":{"line":40,"column":51}},"24":{"start":{"line":41,"column":12},"end":{"line":41,"column":49}},"25":{"start":{"line":45,"column":8},"end":{"line":45,"column":74}},"26":{"start":{"line":47,"column":8},"end":{"line":47,"column":61}},"27":{"start":{"line":48,"column":8},"end":{"line":48,"column":24}},"28":{"start":{"line":54,"column":21},"end":{"line":54,"column":38}},"29":{"start":{"line":55,"column":21},"end":{"line":55,"column":38}},"30":{"start":{"line":57,"column":4},"end":{"line":95,"column":5}},"31":{"start":{"line":58,"column":21},"end":{"line":62,"column":10}},"32":{"start":{"line":64,"column":8},"end":{"line":91,"column":9}},"33":{"start":{"line":65,"column":37},"end":{"line":65,"column":79}},"34":{"start":{"line":66,"column":12},"end":{"line":68,"column":13}},"35":{"start":{"line":67,"column":16},"end":{"line":67,"column":77}},"36":{"start":{"line":69,"column":26},"end":{"line":71,"column":14}},"37":{"start":{"line":72,"column":32},"end":{"line":72,"column":34}},"38":{"start":{"line":73,"column":25},"end":{"line":73,"column":46}},"39":{"start":{"line":75,"column":12},"end":{"line":77,"column":13}},"40":{"start":{"line":75,"column":24},"end":{"line":75,"column":25}},"41":{"start":{"line":76,"column":16},"end":{"line":76,"column":47}},"42":{"start":{"line":79,"column":30},"end":{"line":86,"column":13}},"43":{"start":{"line":88,"column":12},"end":{"line":88,"column":32}},"44":{"start":{"line":90,"column":12},"end":{"line":90,"column":75}},"45":{"start":{"line":93,"column":8},"end":{"line":93,"column":59}},"46":{"start":{"line":94,"column":8},"end":{"line":94,"column":24}},"47":{"start":{"line":98,"column":0},"end":{"line":101,"column":1}}},"fnMap":{"0":{"name":"signup","decl":{"start":{"line":6,"column":15},"end":{"line":6,"column":21}},"loc":{"start":{"line":6,"column":31},"end":{"line":51,"column":1}},"line":6},"1":{"name":"signin","decl":{"start":{"line":53,"column":15},"end":{"line":53,"column":21}},"loc":{"start":{"line":53,"column":30},"end":{"line":96,"column":1}},"line":53}},"branchMap":{"0":{"loc":{"start":{"line":11,"column":4},"end":{"line":14,"column":5}},"type":"if","locations":[{"start":{"line":11,"column":4},"end":{"line":14,"column":5}},{"start":{},"end":{}}],"line":11},"1":{"loc":{"start":{"line":15,"column":4},"end":{"line":18,"column":5}},"type":"if","locations":[{"start":{"line":15,"column":4},"end":{"line":18,"column":5}},{"start":{},"end":{}}],"line":15},"2":{"loc":{"start":{"line":19,"column":4},"end":{"line":22,"column":5}},"type":"if","locations":[{"start":{"line":19,"column":4},"end":{"line":22,"column":5}},{"start":{},"end":{}}],"line":19},"3":{"loc":{"start":{"line":33,"column":8},"end":{"line":43,"column":9}},"type":"if","locations":[{"start":{"line":33,"column":8},"end":{"line":43,"column":9}},{"start":{"line":39,"column":12},"end":{"line":43,"column":9}}],"line":33},"4":{"loc":{"start":{"line":64,"column":8},"end":{"line":91,"column":9}},"type":"if","locations":[{"start":{"line":64,"column":8},"end":{"line":91,"column":9}},{"start":{"line":89,"column":13},"end":{"line":91,"column":9}}],"line":64},"5":{"loc":{"start":{"line":66,"column":12},"end":{"line":68,"column":13}},"type":"if","locations":[{"start":{"line":66,"column":12},"end":{"line":68,"column":13}},{"start":{},"end":{}}],"line":66}},"s":{"0":1,"1":1,"2":1,"3":0,"4":0,"5":0,"6":0,"7":0,"8":0,"9":0,"10":0,"11":0,"12":0,"13":0,"14":0,"15":0,"16":0,"17":0,"18":0,"19":0,"20":0,"21":0,"22":0,"23":0,"24":0,"25":0,"26":0,"27":0,"28":0,"29":0,"30":0,"31":0,"32":0,"33":0,"34":0,"35":0,"36":0,"37":0,"38":0,"39":0,"40":0,"41":0,"42":0,"43":0,"44":0,"45":0,"46":0,"47":1},"f":{"0":0,"1":0},"b":{"0":[0,0],"1":[0,0],"2":[0,0],"3":[0,0],"4":[0,0],"5":[0,0]},"_coverageSchema":"1a1c01bbd47fc00a2c39e90264f33305004495a9","hash":"dbf4592ad7584bc9640088e10d63c9b57334505b"}
,"E:\\code\\Relevel\\Module_2\\2_Augast\\03\\ecommerse\\controller\\cart.js": {"path":"E:\\code\\Relevel\\Module_2\\2_Augast\\03\\ecommerse\\controller\\cart.js","statementMap":{"0":{"start":{"line":1,"column":27},"end":{"line":1,"column":47}},"1":{"start":{"line":4,"column":19},"end":{"line":4,"column":32}},"2":{"start":{"line":5,"column":4},"end":{"line":47,"column":5}},"3":{"start":{"line":6,"column":21},"end":{"line":6,"column":48}},"4":{"start":{"line":7,"column":8},"end":{"line":43,"column":9}},"5":{"start":{"line":8,"column":31},"end":{"line":8,"column":50}},"6":{"start":{"line":10,"column":29},"end":{"line":14,"column":14}},"7":{"start":{"line":16,"column":12},"end":{"line":39,"column":13}},"8":{"start":{"line":17,"column":16},"end":{"line":17,"column":49}},"9":{"start":{"line":19,"column":37},"end":{"line":19,"column":61}},"10":{"start":{"line":21,"column":32},"end":{"line":21,"column":33}},"11":{"start":{"line":22,"column":36},"end":{"line":22,"column":38}},"12":{"start":{"line":24,"column":16},"end":{"line":33,"column":17}},"13":{"start":{"line":24,"column":29},"end":{"line":24,"column":30}},"14":{"start":{"line":25,"column":20},"end":{"line":25,"column":76}},"15":{"start":{"line":27,"column":20},"end":{"line":32,"column":22}},"16":{"start":{"line":35,"column":16},"end":{"line":35,"column":55}},"17":{"start":{"line":37,"column":16},"end":{"line":37,"column":72}},"18":{"start":{"line":38,"column":16},"end":{"line":38,"column":23}},"19":{"start":{"line":41,"column":12},"end":{"line":41,"column":61}},"20":{"start":{"line":42,"column":12},"end":{"line":42,"column":19}},"21":{"start":{"line":45,"column":8},"end":{"line":45,"column":64}},"22":{"start":{"line":46,"column":8},"end":{"line":46,"column":15}},"23":{"start":{"line":51,"column":19},"end":{"line":51,"column":32}},"24":{"start":{"line":52,"column":4},"end":{"line":81,"column":5}},"25":{"start":{"line":53,"column":21},"end":{"line":53,"column":48}},"26":{"start":{"line":54,"column":8},"end":{"line":77,"column":9}},"27":{"start":{"line":56,"column":33},"end":{"line":56,"column":57}},"28":{"start":{"line":58,"column":28},"end":{"line":58,"column":29}},"29":{"start":{"line":59,"column":32},"end":{"line":59,"column":34}},"30":{"start":{"line":61,"column":12},"end":{"line":70,"column":13}},"31":{"start":{"line":61,"column":25},"end":{"line":61,"column":26}},"32":{"start":{"line":62,"column":16},"end":{"line":62,"column":72}},"33":{"start":{"line":64,"column":16},"end":{"line":69,"column":18}},"34":{"start":{"line":72,"column":12},"end":{"line":72,"column":51}},"35":{"start":{"line":75,"column":12},"end":{"line":75,"column":61}},"36":{"start":{"line":76,"column":12},"end":{"line":76,"column":19}},"37":{"start":{"line":79,"column":8},"end":{"line":79,"column":64}},"38":{"start":{"line":80,"column":8},"end":{"line":80,"column":15}},"39":{"start":{"line":84,"column":0},"end":{"line":87,"column":1}}},"fnMap":{"0":{"name":"updateCart","decl":{"start":{"line":3,"column":15},"end":{"line":3,"column":25}},"loc":{"start":{"line":3,"column":36},"end":{"line":48,"column":1}},"line":3},"1":{"name":"getCart","decl":{"start":{"line":50,"column":15},"end":{"line":50,"column":22}},"loc":{"start":{"line":50,"column":33},"end":{"line":82,"column":1}},"line":50}},"branchMap":{"0":{"loc":{"start":{"line":7,"column":8},"end":{"line":43,"column":9}},"type":"if","locations":[{"start":{"line":7,"column":8},"end":{"line":43,"column":9}},{"start":{"line":40,"column":15},"end":{"line":43,"column":9}}],"line":7},"1":{"loc":{"start":{"line":16,"column":12},"end":{"line":39,"column":13}},"type":"if","locations":[{"start":{"line":16,"column":12},"end":{"line":39,"column":13}},{"start":{"line":36,"column":19},"end":{"line":39,"column":13}}],"line":16},"2":{"loc":{"start":{"line":54,"column":8},"end":{"line":77,"column":9}},"type":"if","locations":[{"start":{"line":54,"column":8},"end":{"line":77,"column":9}},{"start":{"line":74,"column":15},"end":{"line":77,"column":9}}],"line":54}},"s":{"0":1,"1":0,"2":0,"3":0,"4":0,"5":0,"6":0,"7":0,"8":0,"9":0,"10":0,"11":0,"12":0,"13":0,"14":0,"15":0,"16":0,"17":0,"18":0,"19":0,"20":0,"21":0,"22":0,"23":0,"24":0,"25":0,"26":0,"27":0,"28":0,"29":0,"30":0,"31":0,"32":0,"33":0,"34":0,"35":0,"36":0,"37":0,"38":0,"39":1},"f":{"0":0,"1":0},"b":{"0":[0,0],"1":[0,0],"2":[0,0]},"_coverageSchema":"1a1c01bbd47fc00a2c39e90264f33305004495a9","hash":"5023044a7318d147e828d07eb53e680a85c54cfe"}
,"E:\\code\\Relevel\\Module_2\\2_Augast\\03\\ecommerse\\controller\\catagory.js": {"path":"E:\\code\\Relevel\\Module_2\\2_Augast\\03\\ecommerse\\controller\\catagory.js","statementMap":{"0":{"start":{"line":1,"column":23},"end":{"line":1,"column":43}},"1":{"start":{"line":4,"column":14},"end":{"line":4,"column":22}},"2":{"start":{"line":7,"column":1},"end":{"line":17,"column":2}},"3":{"start":{"line":8,"column":15},"end":{"line":8,"column":24}},"4":{"start":{"line":9,"column":22},"end":{"line":9,"column":38}},"5":{"start":{"line":11,"column":17},"end":{"line":11,"column":61}},"6":{"start":{"line":12,"column":2},"end":{"line":12,"column":32}},"7":{"start":{"line":13,"column":2},"end":{"line":13,"column":47}},"8":{"start":{"line":15,"column":2},"end":{"line":15,"column":51}},"9":{"start":{"line":16,"column":2},"end":{"line":16,"column":55}},"10":{"start":{"line":21,"column":1},"end":{"line":27,"column":2}},"11":{"start":{"line":22,"column":17},"end":{"line":22,"column":43}},"12":{"start":{"line":23,"column":2},"end":{"line":23,"column":18}},"13":{"start":{"line":25,"column":2},"end":{"line":25,"column":47}},"14":{"start":{"line":26,"column":2},"end":{"line":26,"column":55}},"15":{"start":{"line":31,"column":20},"end":{"line":31,"column":33}},"16":{"start":{"line":33,"column":1},"end":{"line":44,"column":2}},"17":{"start":{"line":34,"column":17},"end":{"line":38,"column":4}},"18":{"start":{"line":40,"column":2},"end":{"line":40,"column":18}},"19":{"start":{"line":42,"column":2},"end":{"line":42,"column":59}},"20":{"start":{"line":43,"column":2},"end":{"line":43,"column":55}},"21":{"start":{"line":48,"column":20},"end":{"line":48,"column":33}},"22":{"start":{"line":49,"column":1},"end":{"line":70,"column":2}},"23":{"start":{"line":50,"column":17},"end":{"line":54,"column":4}},"24":{"start":{"line":55,"column":3},"end":{"line":66,"column":4}},"25":{"start":{"line":56,"column":3},"end":{"line":56,"column":31}},"26":{"start":{"line":57,"column":3},"end":{"line":57,"column":45}},"27":{"start":{"line":59,"column":3},"end":{"line":59,"column":16}},"28":{"start":{"line":61,"column":3},"end":{"line":62,"column":28}},"29":{"start":{"line":64,"column":3},"end":{"line":64,"column":48}},"30":{"start":{"line":65,"column":3},"end":{"line":65,"column":61}},"31":{"start":{"line":68,"column":2},"end":{"line":68,"column":47}},"32":{"start":{"line":69,"column":2},"end":{"line":69,"column":55}},"33":{"start":{"line":74,"column":20},"end":{"line":74,"column":33}},"34":{"start":{"line":75,"column":1},"end":{"line":86,"column":2}},"35":{"start":{"line":76,"column":17},"end":{"line":80,"column":4}},"36":{"start":{"line":82,"column":2},"end":{"line":82,"column":45}},"37":{"start":{"line":84,"column":2},"end":{"line":84,"column":48}},"38":{"start":{"line":85,"column":2},"end":{"line":85,"column":55}},"39":{"start":{"line":89,"column":0},"end":{"line":95,"column":1}}},"fnMap":{"0":{"name":"createCategory","decl":{"start":{"line":3,"column":15},"end":{"line":3,"column":29}},"loc":{"start":{"line":3,"column":39},"end":{"line":18,"column":1}},"line":3},"1":{"name":"getAllCategory","decl":{"start":{"line":20,"column":15},"end":{"line":20,"column":29}},"loc":{"start":{"line":20,"column":39},"end":{"line":28,"column":1}},"line":20},"2":{"name":"getCategoryOnId","decl":{"start":{"line":30,"column":15},"end":{"line":30,"column":30}},"loc":{"start":{"line":30,"column":39},"end":{"line":45,"column":1}},"line":30},"3":{"name":"updateCategory","decl":{"start":{"line":47,"column":15},"end":{"line":47,"column":29}},"loc":{"start":{"line":47,"column":38},"end":{"line":71,"column":1}},"line":47},"4":{"name":"deleteCategory","decl":{"start":{"line":73,"column":15},"end":{"line":73,"column":29}},"loc":{"start":{"line":73,"column":38},"end":{"line":87,"column":1}},"line":73}},"branchMap":{"0":{"loc":{"start":{"line":55,"column":3},"end":{"line":66,"column":4}},"type":"if","locations":[{"start":{"line":55,"column":3},"end":{"line":66,"column":4}},{"start":{"line":63,"column":9},"end":{"line":66,"column":4}}],"line":55}},"s":{"0":1,"1":0,"2":0,"3":0,"4":0,"5":0,"6":0,"7":0,"8":0,"9":0,"10":0,"11":0,"12":0,"13":0,"14":0,"15":0,"16":0,"17":0,"18":0,"19":0,"20":0,"21":0,"22":0,"23":0,"24":0,"25":0,"26":0,"27":0,"28":0,"29":0,"30":0,"31":0,"32":0,"33":0,"34":0,"35":0,"36":0,"37":0,"38":0,"39":1},"f":{"0":0,"1":0,"2":0,"3":0,"4":0},"b":{"0":[0,0]},"_coverageSchema":"1a1c01bbd47fc00a2c39e90264f33305004495a9","hash":"29c17dcbc95a2014305b119babbcc43fdeb3bc7a"}
,"E:\\code\\Relevel\\Module_2\\2_Augast\\03\\ecommerse\\controller\\product.js": {"path":"E:\\code\\Relevel\\Module_2\\2_Augast\\03\\ecommerse\\controller\\product.js","statementMap":{"0":{"start":{"line":1,"column":32},"end":{"line":1,"column":52}},"1":{"start":{"line":4,"column":17},"end":{"line":4,"column":25}},"2":{"start":{"line":6,"column":17},"end":{"line":6,"column":26}},"3":{"start":{"line":7,"column":17},"end":{"line":7,"column":26}},"4":{"start":{"line":8,"column":24},"end":{"line":8,"column":40}},"5":{"start":{"line":9,"column":21},"end":{"line":9,"column":34}},"6":{"start":{"line":10,"column":20},"end":{"line":10,"column":35}},"7":{"start":{"line":12,"column":4},"end":{"line":23,"column":5}},"8":{"start":{"line":13,"column":23},"end":{"line":13,"column":89}},"9":{"start":{"line":15,"column":8},"end":{"line":18,"column":10}},"10":{"start":{"line":19,"column":8},"end":{"line":19,"column":22}},"11":{"start":{"line":21,"column":8},"end":{"line":21,"column":24}},"12":{"start":{"line":22,"column":8},"end":{"line":22,"column":66}},"13":{"start":{"line":27,"column":1},"end":{"line":32,"column":2}},"14":{"start":{"line":28,"column":17},"end":{"line":28,"column":41}},"15":{"start":{"line":29,"column":2},"end":{"line":29,"column":30}},"16":{"start":{"line":31,"column":2},"end":{"line":31,"column":55}},"17":{"start":{"line":36,"column":20},"end":{"line":36,"column":33}},"18":{"start":{"line":38,"column":1},"end":{"line":49,"column":2}},"19":{"start":{"line":39,"column":17},"end":{"line":43,"column":4}},"20":{"start":{"line":45,"column":2},"end":{"line":45,"column":18}},"21":{"start":{"line":47,"column":2},"end":{"line":47,"column":59}},"22":{"start":{"line":48,"column":2},"end":{"line":48,"column":55}},"23":{"start":{"line":53,"column":20},"end":{"line":53,"column":33}},"24":{"start":{"line":55,"column":1},"end":{"line":78,"column":2}},"25":{"start":{"line":56,"column":17},"end":{"line":60,"column":4}},"26":{"start":{"line":61,"column":3},"end":{"line":74,"column":4}},"27":{"start":{"line":62,"column":3},"end":{"line":62,"column":31}},"28":{"start":{"line":63,"column":3},"end":{"line":63,"column":45}},"29":{"start":{"line":64,"column":3},"end":{"line":64,"column":31}},"30":{"start":{"line":65,"column":3},"end":{"line":65,"column":39}},"31":{"start":{"line":67,"column":3},"end":{"line":67,"column":16}},"32":{"start":{"line":69,"column":3},"end":{"line":70,"column":28}},"33":{"start":{"line":72,"column":3},"end":{"line":72,"column":48}},"34":{"start":{"line":73,"column":3},"end":{"line":73,"column":61}},"35":{"start":{"line":76,"column":2},"end":{"line":76,"column":47}},"36":{"start":{"line":77,"column":2},"end":{"line":77,"column":55}},"37":{"start":{"line":82,"column":20},"end":{"line":82,"column":33}},"38":{"start":{"line":83,"column":1},"end":{"line":94,"column":2}},"39":{"start":{"line":84,"column":17},"end":{"line":88,"column":4}},"40":{"start":{"line":90,"column":2},"end":{"line":90,"column":45}},"41":{"start":{"line":92,"column":2},"end":{"line":92,"column":48}},"42":{"start":{"line":93,"column":2},"end":{"line":93,"column":55}},"43":{"start":{"line":98,"column":20},"end":{"line":98,"column":40}},"44":{"start":{"line":99,"column":14},"end":{"line":99,"column":28}},"45":{"start":{"line":100,"column":17},"end":{"line":100,"column":34}},"46":{"start":{"line":101,"column":17},"end":{"line":101,"column":34}},"47":{"start":{"line":103,"column":1},"end":{"line":110,"column":2}},"48":{"start":{"line":104,"column":17},"end":{"line":108,"column":4}},"49":{"start":{"line":109,"column":2},"end":{"line":109,"column":31}},"50":{"start":{"line":113,"column":1},"end":{"line":120,"column":2}},"51":{"start":{"line":114,"column":17},"end":{"line":118,"column":4}},"52":{"start":{"line":119,"column":2},"end":{"line":119,"column":31}},"53":{"start":{"line":123,"column":1},"end":{"line":157,"column":2}},"54":{"start":{"line":124,"column":17},"end":{"line":131,"column":4}},"55":{"start":{"line":132,"column":2},"end":{"line":132,"column":30}},"56":{"start":{"line":134,"column":6},"end":{"line":157,"column":2}},"57":{"start":{"line":135,"column":17},"end":{"line":141,"column":4}},"58":{"start":{"line":142,"column":2},"end":{"line":142,"column":31}},"59":{"start":{"line":144,"column":6},"end":{"line":157,"column":2}},"60":{"start":{"line":145,"column":17},"end":{"line":151,"column":4}},"61":{"start":{"line":152,"column":2},"end":{"line":152,"column":31}},"62":{"start":{"line":155,"column":17},"end":{"line":155,"column":41}},"63":{"start":{"line":156,"column":2},"end":{"line":156,"column":19}},"64":{"start":{"line":160,"column":0},"end":{"line":167,"column":1}}},"fnMap":{"0":{"name":"createProduct","decl":{"start":{"line":3,"column":15},"end":{"line":3,"column":28}},"loc":{"start":{"line":3,"column":38},"end":{"line":24,"column":1}},"line":3},"1":{"name":"getAllProduct","decl":{"start":{"line":26,"column":15},"end":{"line":26,"column":28}},"loc":{"start":{"line":26,"column":38},"end":{"line":33,"column":1}},"line":26},"2":{"name":"getProductOnId","decl":{"start":{"line":35,"column":15},"end":{"line":35,"column":29}},"loc":{"start":{"line":35,"column":38},"end":{"line":50,"column":1}},"line":35},"3":{"name":"updateProduct","decl":{"start":{"line":52,"column":15},"end":{"line":52,"column":28}},"loc":{"start":{"line":52,"column":37},"end":{"line":79,"column":1}},"line":52},"4":{"name":"deleteProduct","decl":{"start":{"line":81,"column":15},"end":{"line":81,"column":28}},"loc":{"start":{"line":81,"column":37},"end":{"line":95,"column":1}},"line":81},"5":{"name":"filteredProduct","decl":{"start":{"line":97,"column":15},"end":{"line":97,"column":30}},"loc":{"start":{"line":97,"column":39},"end":{"line":158,"column":1}},"line":97}},"branchMap":{"0":{"loc":{"start":{"line":61,"column":3},"end":{"line":74,"column":4}},"type":"if","locations":[{"start":{"line":61,"column":3},"end":{"line":74,"column":4}},{"start":{"line":71,"column":9},"end":{"line":74,"column":4}}],"line":61},"1":{"loc":{"start":{"line":103,"column":1},"end":{"line":110,"column":2}},"type":"if","locations":[{"start":{"line":103,"column":1},"end":{"line":110,"column":2}},{"start":{},"end":{}}],"line":103},"2":{"loc":{"start":{"line":113,"column":1},"end":{"line":120,"column":2}},"type":"if","locations":[{"start":{"line":113,"column":1},"end":{"line":120,"column":2}},{"start":{},"end":{}}],"line":113},"3":{"loc":{"start":{"line":123,"column":1},"end":{"line":157,"column":2}},"type":"if","locations":[{"start":{"line":123,"column":1},"end":{"line":157,"column":2}},{"start":{"line":134,"column":6},"end":{"line":157,"column":2}}],"line":123},"4":{"loc":{"start":{"line":123,"column":4},"end":{"line":123,"column":22}},"type":"binary-expr","locations":[{"start":{"line":123,"column":4},"end":{"line":123,"column":11}},{"start":{"line":123,"column":15},"end":{"line":123,"column":22}}],"line":123},"5":{"loc":{"start":{"line":134,"column":6},"end":{"line":157,"column":2}},"type":"if","locations":[{"start":{"line":134,"column":6},"end":{"line":157,"column":2}},{"start":{"line":144,"column":6},"end":{"line":157,"column":2}}],"line":134},"6":{"loc":{"start":{"line":144,"column":6},"end":{"line":157,"column":2}},"type":"if","locations":[{"start":{"line":144,"column":6},"end":{"line":157,"column":2}},{"start":{"line":154,"column":5},"end":{"line":157,"column":2}}],"line":144}},"s":{"0":2,"1":1,"2":1,"3":1,"4":1,"5":1,"6":1,"7":1,"8":1,"9":1,"10":1,"11":0,"12":0,"13":2,"14":2,"15":2,"16":0,"17":0,"18":0,"19":0,"20":0,"21":0,"22":0,"23":0,"24":0,"25":0,"26":0,"27":0,"28":0,"29":0,"30":0,"31":0,"32":0,"33":0,"34":0,"35":0,"36":0,"37":0,"38":0,"39":0,"40":0,"41":0,"42":0,"43":0,"44":0,"45":0,"46":0,"47":0,"48":0,"49":0,"50":0,"51":0,"52":0,"53":0,"54":0,"55":0,"56":0,"57":0,"58":0,"59":0,"60":0,"61":0,"62":0,"63":0,"64":2},"f":{"0":1,"1":2,"2":0,"3":0,"4":0,"5":0},"b":{"0":[0,0],"1":[0,0],"2":[0,0],"3":[0,0],"4":[0,0],"5":[0,0],"6":[0,0]},"_coverageSchema":"1a1c01bbd47fc00a2c39e90264f33305004495a9","hash":"0f89718189afab846eea251546b8b420d7f7fd00"}
,"E:\\code\\Relevel\\Module_2\\2_Augast\\03\\ecommerse\\middleware\\authJwt.js": {"path":"E:\\code\\Relevel\\Module_2\\2_Augast\\03\\ecommerse\\middleware\\authJwt.js","statementMap":{"0":{"start":{"line":1,"column":12},"end":{"line":1,"column":35}},"1":{"start":{"line":2,"column":17},"end":{"line":2,"column":37}},"2":{"start":{"line":7,"column":18},"end":{"line":7,"column":47}},"3":{"start":{"line":9,"column":4},"end":{"line":26,"column":5}},"4":{"start":{"line":10,"column":8},"end":{"line":22,"column":9}},"5":{"start":{"line":11,"column":27},"end":{"line":11,"column":72}},"6":{"start":{"line":13,"column":12},"end":{"line":19,"column":13}},"7":{"start":{"line":14,"column":16},"end":{"line":14,"column":38}},"8":{"start":{"line":15,"column":16},"end":{"line":15,"column":23}},"9":{"start":{"line":17,"column":16},"end":{"line":17,"column":83}},"10":{"start":{"line":18,"column":16},"end":{"line":18,"column":23}},"11":{"start":{"line":21,"column":12},"end":{"line":21,"column":62}},"12":{"start":{"line":24,"column":8},"end":{"line":24,"column":63}},"13":{"start":{"line":25,"column":8},"end":{"line":25,"column":15}},"14":{"start":{"line":31,"column":19},"end":{"line":31,"column":29}},"15":{"start":{"line":33,"column":4},"end":{"line":49,"column":5}},"16":{"start":{"line":34,"column":21},"end":{"line":34,"column":48}},"17":{"start":{"line":35,"column":26},"end":{"line":35,"column":47}},"18":{"start":{"line":38,"column":8},"end":{"line":43,"column":9}},"19":{"start":{"line":38,"column":21},"end":{"line":38,"column":22}},"20":{"start":{"line":39,"column":12},"end":{"line":42,"column":13}},"21":{"start":{"line":40,"column":16},"end":{"line":40,"column":22}},"22":{"start":{"line":41,"column":16},"end":{"line":41,"column":23}},"23":{"start":{"line":44,"column":8},"end":{"line":44,"column":73}},"24":{"start":{"line":45,"column":8},"end":{"line":45,"column":15}},"25":{"start":{"line":47,"column":8},"end":{"line":47,"column":67}},"26":{"start":{"line":48,"column":8},"end":{"line":48,"column":15}},"27":{"start":{"line":52,"column":0},"end":{"line":55,"column":1}}},"fnMap":{"0":{"name":"verifyToken","decl":{"start":{"line":6,"column":15},"end":{"line":6,"column":26}},"loc":{"start":{"line":6,"column":43},"end":{"line":27,"column":1}},"line":6},"1":{"name":"isAdmin","decl":{"start":{"line":30,"column":15},"end":{"line":30,"column":22}},"loc":{"start":{"line":30,"column":39},"end":{"line":51,"column":1}},"line":30}},"branchMap":{"0":{"loc":{"start":{"line":9,"column":4},"end":{"line":26,"column":5}},"type":"if","locations":[{"start":{"line":9,"column":4},"end":{"line":26,"column":5}},{"start":{"line":23,"column":11},"end":{"line":26,"column":5}}],"line":9},"1":{"loc":{"start":{"line":13,"column":12},"end":{"line":19,"column":13}},"type":"if","locations":[{"start":{"line":13,"column":12},"end":{"line":19,"column":13}},{"start":{"line":16,"column":19},"end":{"line":19,"column":13}}],"line":13},"2":{"loc":{"start":{"line":39,"column":12},"end":{"line":42,"column":13}},"type":"if","locations":[{"start":{"line":39,"column":12},"end":{"line":42,"column":13}},{"start":{},"end":{}}],"line":39}},"s":{"0":1,"1":1,"2":0,"3":0,"4":0,"5":0,"6":0,"7":0,"8":0,"9":0,"10":0,"11":0,"12":0,"13":0,"14":0,"15":0,"16":0,"17":0,"18":0,"19":0,"20":0,"21":0,"22":0,"23":0,"24":0,"25":0,"26":0,"27":1},"f":{"0":0,"1":0},"b":{"0":[0,0],"1":[0,0],"2":[0,0]},"_coverageSchema":"1a1c01bbd47fc00a2c39e90264f33305004495a9","hash":"78dd2ef7b0cfad7309108fea57ffd6b6447987cd"}
,"E:\\code\\Relevel\\Module_2\\2_Augast\\03\\ecommerse\\middleware\\catagory.js": {"path":"E:\\code\\Relevel\\Module_2\\2_Augast\\03\\ecommerse\\middleware\\catagory.js","statementMap":{"0":{"start":{"line":2,"column":25},"end":{"line":2,"column":33}},"1":{"start":{"line":4,"column":4},"end":{"line":7,"column":5}},"2":{"start":{"line":5,"column":8},"end":{"line":5,"column":55}},"3":{"start":{"line":6,"column":8},"end":{"line":6,"column":15}},"4":{"start":{"line":8,"column":4},"end":{"line":8,"column":11}},"5":{"start":{"line":11,"column":0},"end":{"line":13,"column":1}}},"fnMap":{"0":{"name":"checkNameForCatagory","decl":{"start":{"line":1,"column":15},"end":{"line":1,"column":35}},"loc":{"start":{"line":1,"column":49},"end":{"line":9,"column":1}},"line":1}},"branchMap":{"0":{"loc":{"start":{"line":4,"column":4},"end":{"line":7,"column":5}},"type":"if","locations":[{"start":{"line":4,"column":4},"end":{"line":7,"column":5}},{"start":{},"end":{}}],"line":4}},"s":{"0":0,"1":0,"2":0,"3":0,"4":0,"5":1},"f":{"0":0},"b":{"0":[0,0]},"_coverageSchema":"1a1c01bbd47fc00a2c39e90264f33305004495a9","hash":"3c2c9d191587aec802fac55b624916d8fa4232ad"}
,"E:\\code\\Relevel\\Module_2\\2_Augast\\03\\ecommerse\\middleware\\index.js": {"path":"E:\\code\\Relevel\\Module_2\\2_Augast\\03\\ecommerse\\middleware\\index.js","statementMap":{"0":{"start":{"line":1,"column":31},"end":{"line":1,"column":52}},"1":{"start":{"line":2,"column":26},"end":{"line":2,"column":46}},"2":{"start":{"line":3,"column":52},"end":{"line":3,"column":69}},"3":{"start":{"line":4,"column":30},"end":{"line":4,"column":50}},"4":{"start":{"line":6,"column":0},"end":{"line":13,"column":1}}},"fnMap":{},"branchMap":{},"s":{"0":1,"1":1,"2":1,"3":1,"4":1},"f":{},"b":{},"_coverageSchema":"1a1c01bbd47fc00a2c39e90264f33305004495a9","hash":"fca94be32fe9208991f9baf7e90c88ec3543e6f9"}
,"E:\\code\\Relevel\\Module_2\\2_Augast\\03\\ecommerse\\middleware\\product.js": {"path":"E:\\code\\Relevel\\Module_2\\2_Augast\\03\\ecommerse\\middleware\\product.js","statementMap":{"0":{"start":{"line":1,"column":21},"end":{"line":1,"column":41}},"1":{"start":{"line":4,"column":24},"end":{"line":4,"column":32}},"2":{"start":{"line":6,"column":4},"end":{"line":9,"column":5}},"3":{"start":{"line":7,"column":8},"end":{"line":7,"column":66}},"4":{"start":{"line":8,"column":8},"end":{"line":8,"column":15}},"5":{"start":{"line":11,"column":4},"end":{"line":27,"column":5}},"6":{"start":{"line":12,"column":8},"end":{"line":22,"column":9}},"7":{"start":{"line":13,"column":27},"end":{"line":13,"column":76}},"8":{"start":{"line":14,"column":12},"end":{"line":18,"column":13}},"9":{"start":{"line":15,"column":16},"end":{"line":15,"column":23}},"10":{"start":{"line":17,"column":16},"end":{"line":17,"column":87}},"11":{"start":{"line":20,"column":12},"end":{"line":20,"column":64}},"12":{"start":{"line":21,"column":12},"end":{"line":21,"column":19}},"13":{"start":{"line":25,"column":8},"end":{"line":25,"column":82}},"14":{"start":{"line":26,"column":8},"end":{"line":26,"column":15}},"15":{"start":{"line":30,"column":0},"end":{"line":32,"column":1}}},"fnMap":{"0":{"name":"validateProduct","decl":{"start":{"line":3,"column":15},"end":{"line":3,"column":30}},"loc":{"start":{"line":3,"column":47},"end":{"line":28,"column":1}},"line":3}},"branchMap":{"0":{"loc":{"start":{"line":6,"column":4},"end":{"line":9,"column":5}},"type":"if","locations":[{"start":{"line":6,"column":4},"end":{"line":9,"column":5}},{"start":{},"end":{}}],"line":6},"1":{"loc":{"start":{"line":11,"column":4},"end":{"line":27,"column":5}},"type":"if","locations":[{"start":{"line":11,"column":4},"end":{"line":27,"column":5}},{"start":{"line":24,"column":11},"end":{"line":27,"column":5}}],"line":11},"2":{"loc":{"start":{"line":14,"column":12},"end":{"line":18,"column":13}},"type":"if","locations":[{"start":{"line":14,"column":12},"end":{"line":18,"column":13}},{"start":{"line":16,"column":17},"end":{"line":18,"column":13}}],"line":14}},"s":{"0":1,"1":0,"2":0,"3":0,"4":0,"5":0,"6":0,"7":0,"8":0,"9":0,"10":0,"11":0,"12":0,"13":0,"14":0,"15":1},"f":{"0":0},"b":{"0":[0,0],"1":[0,0],"2":[0,0]},"_coverageSchema":"1a1c01bbd47fc00a2c39e90264f33305004495a9","hash":"c731b1139a8e670c1a55f46e7a18850ff7bd7400"}
,"E:\\code\\Relevel\\Module_2\\2_Augast\\03\\ecommerse\\middleware\\user.js": {"path":"E:\\code\\Relevel\\Module_2\\2_Augast\\03\\ecommerse\\middleware\\user.js","statementMap":{"0":{"start":{"line":1,"column":34},"end":{"line":1,"column":54}},"1":{"start":{"line":5,"column":4},"end":{"line":16,"column":5}},"2":{"start":{"line":6,"column":21},"end":{"line":10,"column":10}},"3":{"start":{"line":12,"column":8},"end":{"line":15,"column":9}},"4":{"start":{"line":13,"column":12},"end":{"line":13,"column":69}},"5":{"start":{"line":14,"column":12},"end":{"line":14,"column":19}},"6":{"start":{"line":17,"column":4},"end":{"line":28,"column":5}},"7":{"start":{"line":18,"column":22},"end":{"line":22,"column":10}},"8":{"start":{"line":24,"column":8},"end":{"line":27,"column":9}},"9":{"start":{"line":25,"column":12},"end":{"line":25,"column":65}},"10":{"start":{"line":26,"column":12},"end":{"line":26,"column":19}},"11":{"start":{"line":30,"column":4},"end":{"line":30,"column":11}},"12":{"start":{"line":34,"column":4},"end":{"line":64,"column":5}},"13":{"start":{"line":35,"column":22},"end":{"line":35,"column":35}},"14":{"start":{"line":36,"column":19},"end":{"line":36,"column":23}},"15":{"start":{"line":37,"column":31},"end":{"line":39,"column":10}},"16":{"start":{"line":41,"column":8},"end":{"line":63,"column":9}},"17":{"start":{"line":42,"column":31},"end":{"line":42,"column":33}},"18":{"start":{"line":44,"column":12},"end":{"line":46,"column":13}},"19":{"start":{"line":44,"column":25},"end":{"line":44,"column":26}},"20":{"start":{"line":45,"column":16},"end":{"line":45,"column":64}},"21":{"start":{"line":47,"column":12},"end":{"line":53,"column":13}},"22":{"start":{"line":47,"column":25},"end":{"line":47,"column":26}},"23":{"start":{"line":48,"column":31},"end":{"line":48,"column":60}},"24":{"start":{"line":49,"column":16},"end":{"line":52,"column":17}},"25":{"start":{"line":50,"column":20},"end":{"line":50,"column":32}},"26":{"start":{"line":51,"column":20},"end":{"line":51,"column":26}},"27":{"start":{"line":54,"column":12},"end":{"line":59,"column":13}},"28":{"start":{"line":55,"column":16},"end":{"line":55,"column":22}},"29":{"start":{"line":57,"column":16},"end":{"line":57,"column":71}},"30":{"start":{"line":58,"column":16},"end":{"line":58,"column":23}},"31":{"start":{"line":61,"column":12},"end":{"line":61,"column":88}},"32":{"start":{"line":62,"column":12},"end":{"line":62,"column":19}},"33":{"start":{"line":69,"column":0},"end":{"line":72,"column":1}}},"fnMap":{"0":{"name":"checkduplicateUsernameAndEmail","decl":{"start":{"line":4,"column":15},"end":{"line":4,"column":45}},"loc":{"start":{"line":4,"column":62},"end":{"line":31,"column":1}},"line":4},"1":{"name":"checkRoles","decl":{"start":{"line":33,"column":15},"end":{"line":33,"column":25}},"loc":{"start":{"line":33,"column":42},"end":{"line":65,"column":1}},"line":33}},"branchMap":{"0":{"loc":{"start":{"line":5,"column":4},"end":{"line":16,"column":5}},"type":"if","locations":[{"start":{"line":5,"column":4},"end":{"line":16,"column":5}},{"start":{},"end":{}}],"line":5},"1":{"loc":{"start":{"line":12,"column":8},"end":{"line":15,"column":9}},"type":"if","locations":[{"start":{"line":12,"column":8},"end":{"line":15,"column":9}},{"start":{},"end":{}}],"line":12},"2":{"loc":{"start":{"line":17,"column":4},"end":{"line":28,"column":5}},"type":"if","locations":[{"start":{"line":17,"column":4},"end":{"line":28,"column":5}},{"start":{},"end":{}}],"line":17},"3":{"loc":{"start":{"line":24,"column":8},"end":{"line":27,"column":9}},"type":"if","locations":[{"start":{"line":24,"column":8},"end":{"line":27,"column":9}},{"start":{},"end":{}}],"line":24},"4":{"loc":{"start":{"line":34,"column":4},"end":{"line":64,"column":5}},"type":"if","locations":[{"start":{"line":34,"column":4},"end":{"line":64,"column":5}},{"start":{},"end":{}}],"line":34},"5":{"loc":{"start":{"line":41,"column":8},"end":{"line":63,"column":9}},"type":"if","locations":[{"start":{"line":41,"column":8},"end":{"line":63,"column":9}},{"start":{"line":60,"column":15},"end":{"line":63,"column":9}}],"line":41},"6":{"loc":{"start":{"line":49,"column":16},"end":{"line":52,"column":17}},"type":"if","locations":[{"start":{"line":49,"column":16},"end":{"line":52,"column":17}},{"start":{},"end":{}}],"line":49},"7":{"loc":{"start":{"line":54,"column":12},"end":{"line":59,"column":13}},"type":"if","locations":[{"start":{"line":54,"column":12},"end":{"line":59,"column":13}},{"start":{"line":56,"column":19},"end":{"line":59,"column":13}}],"line":54}},"s":{"0":1,"1":0,"2":0,"3":0,"4":0,"5":0,"6":0,"7":0,"8":0,"9":0,"10":0,"11":0,"12":0,"13":0,"14":0,"15":0,"16":0,"17":0,"18":0,"19":0,"20":0,"21":0,"22":0,"23":0,"24":0,"25":0,"26":0,"27":0,"28":0,"29":0,"30":0,"31":0,"32":0,"33":1},"f":{"0":0,"1":0},"b":{"0":[0,0],"1":[0,0],"2":[0,0],"3":[0,0],"4":[0,0],"5":[0,0],"6":[0,0],"7":[0,0]},"_coverageSchema":"1a1c01bbd47fc00a2c39e90264f33305004495a9","hash":"283d8aa0de87f0ce611fcf808805cdcd42a34882"}
,"E:\\code\\Relevel\\Module_2\\2_Augast\\03\\ecommerse\\models\\cart.js": {"path":"E:\\code\\Relevel\\Module_2\\2_Augast\\03\\ecommerse\\models\\cart.js","statementMap":{"0":{"start":{"line":4,"column":4},"end":{"line":4,"column":24}},"1":{"start":{"line":5,"column":0},"end":{"line":24,"column":2}},"2":{"start":{"line":14,"column":6},"end":{"line":14,"column":66}},"3":{"start":{"line":17,"column":2},"end":{"line":22,"column":5}},"4":{"start":{"line":23,"column":2},"end":{"line":23,"column":14}}},"fnMap":{"0":{"name":"(anonymous_0)","decl":{"start":{"line":5,"column":17},"end":{"line":5,"column":18}},"loc":{"start":{"line":5,"column":43},"end":{"line":24,"column":1}},"line":5},"1":{"name":"(anonymous_1)","decl":{"start":{"line":12,"column":4},"end":{"line":12,"column":5}},"loc":{"start":{"line":12,"column":29},"end":{"line":15,"column":5}},"line":12}},"branchMap":{},"s":{"0":2,"1":2,"2":2,"3":2,"4":2},"f":{"0":2,"1":2},"b":{},"_coverageSchema":"1a1c01bbd47fc00a2c39e90264f33305004495a9","hash":"dc578b3cc8c099043f7663afea0fd0df810f0247"}
,"E:\\code\\Relevel\\Module_2\\2_Augast\\03\\ecommerse\\models\\catagories.js": {"path":"E:\\code\\Relevel\\Module_2\\2_Augast\\03\\ecommerse\\models\\catagories.js","statementMap":{"0":{"start":{"line":4,"column":4},"end":{"line":4,"column":24}},"1":{"start":{"line":5,"column":0},"end":{"line":24,"column":2}},"2":{"start":{"line":13,"column":6},"end":{"line":13,"column":41}},"3":{"start":{"line":16,"column":2},"end":{"line":22,"column":5}},"4":{"start":{"line":23,"column":2},"end":{"line":23,"column":20}}},"fnMap":{"0":{"name":"(anonymous_0)","decl":{"start":{"line":5,"column":17},"end":{"line":5,"column":18}},"loc":{"start":{"line":5,"column":43},"end":{"line":24,"column":1}},"line":5},"1":{"name":"(anonymous_1)","decl":{"start":{"line":12,"column":4},"end":{"line":12,"column":5}},"loc":{"start":{"line":12,"column":29},"end":{"line":14,"column":5}},"line":12}},"branchMap":{},"s":{"0":2,"1":2,"2":2,"3":2,"4":2},"f":{"0":2,"1":2},"b":{},"_coverageSchema":"1a1c01bbd47fc00a2c39e90264f33305004495a9","hash":"0894d7a597bdbbcad67f4f1076bd5127e9e52324"}
,"E:\\code\\Relevel\\Module_2\\2_Augast\\03\\ecommerse\\models\\index.js": {"path":"E:\\code\\Relevel\\Module_2\\2_Augast\\03\\ecommerse\\models\\index.js","statementMap":{"0":{"start":{"line":3,"column":11},"end":{"line":3,"column":24}},"1":{"start":{"line":4,"column":13},"end":{"line":4,"column":28}},"2":{"start":{"line":5,"column":18},"end":{"line":5,"column":38}},"3":{"start":{"line":6,"column":17},"end":{"line":6,"column":42}},"4":{"start":{"line":7,"column":12},"end":{"line":7,"column":49}},"5":{"start":{"line":8,"column":15},"end":{"line":8,"column":65}},"6":{"start":{"line":9,"column":11},"end":{"line":9,"column":13}},"7":{"start":{"line":12,"column":0},"end":{"line":16,"column":1}},"8":{"start":{"line":13,"column":2},"end":{"line":13,"column":74}},"9":{"start":{"line":15,"column":2},"end":{"line":15,"column":87}},"10":{"start":{"line":18,"column":0},"end":{"line":26,"column":5}},"11":{"start":{"line":21,"column":4},"end":{"line":21,"column":90}},"12":{"start":{"line":24,"column":18},"end":{"line":24,"column":85}},"13":{"start":{"line":25,"column":4},"end":{"line":25,"column":27}},"14":{"start":{"line":28,"column":0},"end":{"line":32,"column":3}},"15":{"start":{"line":29,"column":2},"end":{"line":31,"column":3}},"16":{"start":{"line":30,"column":4},"end":{"line":30,"column":32}},"17":{"start":{"line":34,"column":0},"end":{"line":34,"column":25}},"18":{"start":{"line":35,"column":0},"end":{"line":35,"column":25}},"19":{"start":{"line":37,"column":0},"end":{"line":37,"column":20}}},"fnMap":{"0":{"name":"(anonymous_0)","decl":{"start":{"line":20,"column":10},"end":{"line":20,"column":11}},"loc":{"start":{"line":20,"column":18},"end":{"line":22,"column":3}},"line":20},"1":{"name":"(anonymous_1)","decl":{"start":{"line":23,"column":11},"end":{"line":23,"column":12}},"loc":{"start":{"line":23,"column":19},"end":{"line":26,"column":3}},"line":23},"2":{"name":"(anonymous_2)","decl":{"start":{"line":28,"column":24},"end":{"line":28,"column":25}},"loc":{"start":{"line":28,"column":37},"end":{"line":32,"column":1}},"line":28}},"branchMap":{"0":{"loc":{"start":{"line":7,"column":12},"end":{"line":7,"column":49}},"type":"binary-expr","locations":[{"start":{"line":7,"column":12},"end":{"line":7,"column":32}},{"start":{"line":7,"column":36},"end":{"line":7,"column":49}}],"line":7},"1":{"loc":{"start":{"line":12,"column":0},"end":{"line":16,"column":1}},"type":"if","locations":[{"start":{"line":12,"column":0},"end":{"line":16,"column":1}},{"start":{"line":14,"column":7},"end":{"line":16,"column":1}}],"line":12},"2":{"loc":{"start":{"line":21,"column":11},"end":{"line":21,"column":89}},"type":"binary-expr","locations":[{"start":{"line":21,"column":12},"end":{"line":21,"column":35}},{"start":{"line":21,"column":41},"end":{"line":21,"column":58}},{"start":{"line":21,"column":64},"end":{"line":21,"column":88}}],"line":21},"3":{"loc":{"start":{"line":29,"column":2},"end":{"line":31,"column":3}},"type":"if","locations":[{"start":{"line":29,"column":2},"end":{"line":31,"column":3}},{"start":{},"end":{}}],"line":29}},"s":{"0":2,"1":2,"2":2,"3":2,"4":2,"5":2,"6":2,"7":2,"8":0,"9":2,"10":2,"11":12,"12":10,"13":10,"14":2,"15":10,"16":10,"17":2,"18":2,"19":2},"f":{"0":12,"1":10,"2":10},"b":{"0":[2,0],"1":[0,2],"2":[12,12,10],"3":[10,0]},"_coverageSchema":"1a1c01bbd47fc00a2c39e90264f33305004495a9","hash":"b28261441df8b139dc07e6ce0a269add560bc69d"}
,"E:\\code\\Relevel\\Module_2\\2_Augast\\03\\ecommerse\\models\\products.js": {"path":"E:\\code\\Relevel\\Module_2\\2_Augast\\03\\ecommerse\\models\\products.js","statementMap":{"0":{"start":{"line":4,"column":4},"end":{"line":4,"column":24}},"1":{"start":{"line":5,"column":0},"end":{"line":28,"column":2}},"2":{"start":{"line":14,"column":6},"end":{"line":14,"column":43}},"3":{"start":{"line":15,"column":6},"end":{"line":15,"column":66}},"4":{"start":{"line":18,"column":2},"end":{"line":26,"column":5}},"5":{"start":{"line":27,"column":2},"end":{"line":27,"column":18}}},"fnMap":{"0":{"name":"(anonymous_0)","decl":{"start":{"line":5,"column":17},"end":{"line":5,"column":18}},"loc":{"start":{"line":5,"column":43},"end":{"line":28,"column":1}},"line":5},"1":{"name":"(anonymous_1)","decl":{"start":{"line":12,"column":4},"end":{"line":12,"column":5}},"loc":{"start":{"line":12,"column":29},"end":{"line":16,"column":5}},"line":12}},"branchMap":{},"s":{"0":2,"1":2,"2":2,"3":2,"4":2,"5":2},"f":{"0":2,"1":2},"b":{},"_coverageSchema":"1a1c01bbd47fc00a2c39e90264f33305004495a9","hash":"a2b343548e6d7e79735556ab86496e2f32123f77"}
,"E:\\code\\Relevel\\Module_2\\2_Augast\\03\\ecommerse\\models\\role.js": {"path":"E:\\code\\Relevel\\Module_2\\2_Augast\\03\\ecommerse\\models\\role.js","statementMap":{"0":{"start":{"line":4,"column":4},"end":{"line":4,"column":24}},"1":{"start":{"line":5,"column":0},"end":{"line":24,"column":2}},"2":{"start":{"line":14,"column":6},"end":{"line":14,"column":59}},"3":{"start":{"line":17,"column":2},"end":{"line":22,"column":5}},"4":{"start":{"line":23,"column":2},"end":{"line":23,"column":14}}},"fnMap":{"0":{"name":"(anonymous_0)","decl":{"start":{"line":5,"column":17},"end":{"line":5,"column":18}},"loc":{"start":{"line":5,"column":43},"end":{"line":24,"column":1}},"line":5},"1":{"name":"(anonymous_1)","decl":{"start":{"line":12,"column":4},"end":{"line":12,"column":5}},"loc":{"start":{"line":12,"column":29},"end":{"line":15,"column":5}},"line":12}},"branchMap":{},"s":{"0":2,"1":2,"2":2,"3":2,"4":2},"f":{"0":2,"1":2},"b":{},"_coverageSchema":"1a1c01bbd47fc00a2c39e90264f33305004495a9","hash":"2275104ce1b732d93210026104ac0d9b1f3557e3"}
,"E:\\code\\Relevel\\Module_2\\2_Augast\\03\\ecommerse\\models\\user.js": {"path":"E:\\code\\Relevel\\Module_2\\2_Augast\\03\\ecommerse\\models\\user.js","statementMap":{"0":{"start":{"line":4,"column":4},"end":{"line":4,"column":24}},"1":{"start":{"line":5,"column":0},"end":{"line":26,"column":2}},"2":{"start":{"line":14,"column":6},"end":{"line":14,"column":59}},"3":{"start":{"line":17,"column":2},"end":{"line":24,"column":5}},"4":{"start":{"line":25,"column":2},"end":{"line":25,"column":14}}},"fnMap":{"0":{"name":"(anonymous_0)","decl":{"start":{"line":5,"column":17},"end":{"line":5,"column":18}},"loc":{"start":{"line":5,"column":43},"end":{"line":26,"column":1}},"line":5},"1":{"name":"(anonymous_1)","decl":{"start":{"line":12,"column":4},"end":{"line":12,"column":5}},"loc":{"start":{"line":12,"column":29},"end":{"line":15,"column":5}},"line":12}},"branchMap":{},"s":{"0":2,"1":2,"2":2,"3":2,"4":2},"f":{"0":2,"1":2},"b":{},"_coverageSchema":"1a1c01bbd47fc00a2c39e90264f33305004495a9","hash":"58bbc75f199590d71cf7c270b98f90c88c3cf59c"}
,"E:\\code\\Relevel\\Module_2\\2_Augast\\03\\ecommerse\\routes\\auth.js": {"path":"E:\\code\\Relevel\\Module_2\\2_Augast\\03\\ecommerse\\routes\\auth.js","statementMap":{"0":{"start":{"line":1,"column":16},"end":{"line":1,"column":34}},"1":{"start":{"line":3,"column":15},"end":{"line":3,"column":31}},"2":{"start":{"line":6,"column":14},"end":{"line":6,"column":43}},"3":{"start":{"line":12,"column":4},"end":{"line":12,"column":33}},"4":{"start":{"line":14,"column":0},"end":{"line":14,"column":91}},"5":{"start":{"line":16,"column":0},"end":{"line":16,"column":47}},"6":{"start":{"line":18,"column":0},"end":{"line":18,"column":36}}},"fnMap":{},"branchMap":{},"s":{"0":1,"1":1,"2":1,"3":1,"4":1,"5":1,"6":1},"f":{},"b":{},"_coverageSchema":"1a1c01bbd47fc00a2c39e90264f33305004495a9","hash":"3e585f16ce42073cba2f0d87b7781d94b91fef09"}
,"E:\\code\\Relevel\\Module_2\\2_Augast\\03\\ecommerse\\routes\\cart.js": {"path":"E:\\code\\Relevel\\Module_2\\2_Augast\\03\\ecommerse\\routes\\cart.js","statementMap":{"0":{"start":{"line":1,"column":16},"end":{"line":1,"column":34}},"1":{"start":{"line":2,"column":29},"end":{"line":2,"column":58}},"2":{"start":{"line":3,"column":22},"end":{"line":3,"column":46}},"3":{"start":{"line":4,"column":15},"end":{"line":4,"column":31}},"4":{"start":{"line":8,"column":0},"end":{"line":8,"column":56}},"5":{"start":{"line":9,"column":0},"end":{"line":9,"column":59}},"6":{"start":{"line":11,"column":0},"end":{"line":13,"column":1}}},"fnMap":{},"branchMap":{},"s":{"0":1,"1":1,"2":1,"3":1,"4":1,"5":1,"6":1},"f":{},"b":{},"_coverageSchema":"1a1c01bbd47fc00a2c39e90264f33305004495a9","hash":"392efe5ed6a3e2bc106f146ff72508d3d03c896c"}
,"E:\\code\\Relevel\\Module_2\\2_Augast\\03\\ecommerse\\routes\\index.js": {"path":"E:\\code\\Relevel\\Module_2\\2_Augast\\03\\ecommerse\\routes\\index.js","statementMap":{"0":{"start":{"line":1,"column":16},"end":{"line":1,"column":34}},"1":{"start":{"line":7,"column":4},"end":{"line":7,"column":28}},"2":{"start":{"line":9,"column":21},"end":{"line":9,"column":38}},"3":{"start":{"line":16,"column":4},"end":{"line":16,"column":37}},"4":{"start":{"line":26,"column":4},"end":{"line":26,"column":36}},"5":{"start":{"line":30,"column":4},"end":{"line":30,"column":21}},"6":{"start":{"line":32,"column":15},"end":{"line":32,"column":31}},"7":{"start":{"line":35,"column":0},"end":{"line":35,"column":96}},"8":{"start":{"line":36,"column":0},"end":{"line":36,"column":65}},"9":{"start":{"line":37,"column":0},"end":{"line":37,"column":71}},"10":{"start":{"line":38,"column":0},"end":{"line":38,"column":78}},"11":{"start":{"line":39,"column":0},"end":{"line":39,"column":81}},"12":{"start":{"line":43,"column":0},"end":{"line":43,"column":88}},"13":{"start":{"line":44,"column":0},"end":{"line":44,"column":50}},"14":{"start":{"line":45,"column":0},"end":{"line":45,"column":59}},"15":{"start":{"line":46,"column":0},"end":{"line":46,"column":55}},"16":{"start":{"line":47,"column":0},"end":{"line":47,"column":74}},"17":{"start":{"line":48,"column":0},"end":{"line":48,"column":77}},"18":{"start":{"line":51,"column":0},"end":{"line":55,"column":1}}},"fnMap":{},"branchMap":{},"s":{"0":1,"1":1,"2":1,"3":1,"4":1,"5":1,"6":1,"7":1,"8":1,"9":1,"10":1,"11":1,"12":1,"13":1,"14":1,"15":1,"16":1,"17":1,"18":1},"f":{},"b":{},"_coverageSchema":"1a1c01bbd47fc00a2c39e90264f33305004495a9","hash":"a65394183890be271acf70ab6c64eaa27ac8a5f4"}
,"E:\\code\\Relevel\\Module_2\\2_Augast\\03\\ecommerse\\test\\interceptor.js": {"path":"E:\\code\\Relevel\\Module_2\\2_Augast\\03\\ecommerse\\test\\interceptor.js","statementMap":{"0":{"start":{"line":1,"column":0},"end":{"line":15,"column":1}},"1":{"start":{"line":3,"column":20},"end":{"line":3,"column":22}},"2":{"start":{"line":4,"column":8},"end":{"line":4,"column":50}},"3":{"start":{"line":5,"column":8},"end":{"line":5,"column":52}},"4":{"start":{"line":6,"column":8},"end":{"line":6,"column":18}},"5":{"start":{"line":9,"column":20},"end":{"line":9,"column":22}},"6":{"start":{"line":10,"column":8},"end":{"line":10,"column":49}},"7":{"start":{"line":11,"column":8},"end":{"line":11,"column":51}},"8":{"start":{"line":12,"column":8},"end":{"line":12,"column":49}},"9":{"start":{"line":13,"column":8},"end":{"line":13,"column":19}}},"fnMap":{"0":{"name":"(anonymous_0)","decl":{"start":{"line":2,"column":16},"end":{"line":2,"column":17}},"loc":{"start":{"line":2,"column":20},"end":{"line":7,"column":5}},"line":2},"1":{"name":"(anonymous_1)","decl":{"start":{"line":8,"column":17},"end":{"line":8,"column":18}},"loc":{"start":{"line":8,"column":21},"end":{"line":14,"column":5}},"line":8}},"branchMap":{},"s":{"0":1,"1":2,"2":2,"3":2,"4":2,"5":2,"6":2,"7":2,"8":2,"9":2},"f":{"0":2,"1":2},"b":{},"_coverageSchema":"1a1c01bbd47fc00a2c39e90264f33305004495a9","hash":"7feb0d9641fc0dea56a13d6413b9506a0ea0c784"}
}
